2026-02-20 07:55:50.537 -06:00 [INF] 🚀 Iniciando aplicación ApiContabsv
2026-02-20 07:55:51.458 -06:00 [INF] ✅ Aplicación configurada correctamente
2026-02-20 07:55:51.727 -06:00 [INF] Now listening on: https://localhost:7189
2026-02-20 07:55:51.732 -06:00 [INF] Now listening on: http://localhost:5241
2026-02-20 07:55:51.829 -06:00 [INF] Application started. Press Ctrl+C to shut down.
2026-02-20 07:55:51.831 -06:00 [INF] Hosting environment: Development
2026-02-20 07:55:51.832 -06:00 [INF] Content root path: C:\Users\programador04\Documents\GitHub\ApiContabsv
2026-02-20 07:55:52.477 -06:00 [INF] Request starting HTTP/2 GET https://localhost:7189/swagger - null null
2026-02-20 07:55:52.651 -06:00 [INF] HTTP GET /swagger responded 401 in 53.0581 ms
2026-02-20 07:55:52.659 -06:00 [INF] Request finished HTTP/2 GET https://localhost:7189/swagger - 401 null null 190.7225ms
2026-02-20 07:56:04.681 -06:00 [INF] Request starting HTTP/2 GET https://localhost:7189/ - null null
2026-02-20 07:56:04.692 -06:00 [INF] HTTP GET / responded 301 in 0.8304 ms
2026-02-20 07:56:04.695 -06:00 [INF] Request finished HTTP/2 GET https://localhost:7189/ - 301 null null 14.4317ms
2026-02-20 07:56:04.700 -06:00 [INF] Request starting HTTP/2 GET https://localhost:7189/index.html - null null
2026-02-20 07:56:04.756 -06:00 [INF] HTTP GET /index.html responded 200 in 47.4808 ms
2026-02-20 07:56:04.761 -06:00 [INF] Request finished HTTP/2 GET https://localhost:7189/index.html - 200 null text/html;charset=utf-8 62.1141ms
2026-02-20 07:56:04.788 -06:00 [INF] Request starting HTTP/2 GET https://localhost:7189/swagger-ui.css - null null
2026-02-20 07:56:04.793 -06:00 [INF] Request starting HTTP/2 GET https://localhost:7189/_vs/browserLink - null null
2026-02-20 07:56:04.791 -06:00 [INF] Request starting HTTP/2 GET https://localhost:7189/swagger-ui-standalone-preset.js - null null
2026-02-20 07:56:04.795 -06:00 [INF] Request starting HTTP/2 GET https://localhost:7189/_framework/aspnetcore-browser-refresh.js - null null
2026-02-20 07:56:04.789 -06:00 [INF] Request starting HTTP/2 GET https://localhost:7189/index.css - null null
2026-02-20 07:56:04.791 -06:00 [INF] Request starting HTTP/2 GET https://localhost:7189/index.js - null null
2026-02-20 07:56:04.835 -06:00 [INF] Request finished HTTP/2 GET https://localhost:7189/_framework/aspnetcore-browser-refresh.js - 200 16507 application/javascript; charset=utf-8 40.084ms
2026-02-20 07:56:04.839 -06:00 [INF] Sending file. Request path: '/swagger-ui-standalone-preset.js'. Physical path: 'N/A'
2026-02-20 07:56:04.839 -06:00 [INF] Sending file. Request path: '/index.css'. Physical path: 'N/A'
2026-02-20 07:56:04.838 -06:00 [INF] HTTP GET /index.js responded 200 in 0.8215 ms
2026-02-20 07:56:04.790 -06:00 [INF] Request starting HTTP/2 GET https://localhost:7189/swagger-ui-bundle.js - null null
2026-02-20 07:56:04.845 -06:00 [INF] HTTP GET /swagger-ui-standalone-preset.js responded 200 in 40.9660 ms
2026-02-20 07:56:04.845 -06:00 [INF] HTTP GET /index.css responded 200 in 12.6888 ms
2026-02-20 07:56:04.857 -06:00 [INF] Request finished HTTP/2 GET https://localhost:7189/swagger-ui-standalone-preset.js - 200 230007 text/javascript 66.0066ms
2026-02-20 07:56:04.859 -06:00 [INF] Request finished HTTP/2 GET https://localhost:7189/index.css - 200 202 text/css 70.5ms
2026-02-20 07:56:04.848 -06:00 [INF] Request finished HTTP/2 GET https://localhost:7189/index.js - 200 null application/javascript;charset=utf-8 57.4344ms
2026-02-20 07:56:04.895 -06:00 [INF] Request finished HTTP/2 GET https://localhost:7189/_vs/browserLink - 200 null text/javascript; charset=UTF-8 102.5259ms
2026-02-20 07:56:04.839 -06:00 [INF] Sending file. Request path: '/swagger-ui.css'. Physical path: 'N/A'
2026-02-20 07:56:04.913 -06:00 [INF] HTTP GET /swagger-ui.css responded 200 in 116.3512 ms
2026-02-20 07:56:04.916 -06:00 [INF] Request finished HTTP/2 GET https://localhost:7189/swagger-ui.css - 200 152035 text/css 128.0411ms
2026-02-20 07:56:04.918 -06:00 [INF] Sending file. Request path: '/swagger-ui-bundle.js'. Physical path: 'N/A'
2026-02-20 07:56:04.924 -06:00 [INF] HTTP GET /swagger-ui-bundle.js responded 200 in 71.8065 ms
2026-02-20 07:56:04.927 -06:00 [INF] Request finished HTTP/2 GET https://localhost:7189/swagger-ui-bundle.js - 200 1426050 text/javascript 137.1208ms
2026-02-20 07:56:05.094 -06:00 [INF] Request starting HTTP/2 GET https://localhost:7189/favicon-16x16.png - null null
2026-02-20 07:56:05.099 -06:00 [INF] Sending file. Request path: '/favicon-16x16.png'. Physical path: 'N/A'
2026-02-20 07:56:05.101 -06:00 [INF] HTTP GET /favicon-16x16.png responded 200 in 2.3490 ms
2026-02-20 07:56:05.103 -06:00 [INF] Request finished HTTP/2 GET https://localhost:7189/favicon-16x16.png - 200 665 image/png 10.2676ms
2026-02-20 07:56:05.140 -06:00 [INF] Request starting HTTP/2 GET https://localhost:7189/swagger/contabilidad/swagger.json - null null
2026-02-20 07:56:05.223 -06:00 [INF] HTTP GET /swagger/contabilidad/swagger.json responded 200 in 78.0966 ms
2026-02-20 07:56:05.226 -06:00 [INF] Request finished HTTP/2 GET https://localhost:7189/swagger/contabilidad/swagger.json - 200 null application/json;charset=utf-8 85.8268ms
2026-02-20 07:56:12.887 -06:00 [INF] Request starting HTTP/2 GET https://localhost:7189/swagger/contabsv/swagger.json - null null
2026-02-20 07:56:12.948 -06:00 [INF] HTTP GET /swagger/contabsv/swagger.json responded 200 in 56.5962 ms
2026-02-20 07:56:12.952 -06:00 [INF] Request finished HTTP/2 GET https://localhost:7189/swagger/contabsv/swagger.json - 200 null application/json;charset=utf-8 65.0466ms
2026-02-20 07:57:01.768 -06:00 [INF] Request starting HTTP/2 POST https://localhost:7189/DBContabsv_Wompi/CrearTransaccion - application/json 89
2026-02-20 07:57:01.778 -06:00 [INF] CORS policy execution successful.
2026-02-20 07:57:01.784 -06:00 [INF] Executing endpoint 'ApiContabsv.Controllers.DBContabsv_Wompi.CrearTransaccion (ApiContabsv)'
2026-02-20 07:57:01.824 -06:00 [INF] Route matched with {action = "CrearTransaccion", controller = "DBContabsv_Wompi"}. Executing controller action with signature System.Threading.Tasks.Task`1[Microsoft.AspNetCore.Mvc.ActionResult] CrearTransaccion(ApiContabsv.Controllers.CrearTransaccionRequest) on controller ApiContabsv.Controllers.DBContabsv_Wompi (ApiContabsv).
2026-02-20 07:57:04.409 -06:00 [INF] Executed DbCommand (190ms) [Parameters=[@__request_IdSuscripcion_0='?' (DbType = Int32)], CommandType='"Text"', CommandTimeout='30']
SELECT [s1].[idSuscripcion], [s1].[estadoSuscripcion], [s1].[fechaCreacion], [s1].[fechaInicio], [s1].[fechaModificacion], [s1].[idCliente], [s1].[paypalSubscriptionId], [s1].[idCliente0], [s0].[idDetalle], [s0].[activo], [s0].[concepto], [s0].[fechaCreacion], [s0].[fechaInicio], [s0].[fechaVencimiento], [s0].[idSuscripcion], [s0].[precioUnitario], [s0].[tipoCobro], [s1].[ambiente], [s1].[apellidos], [s1].[api_key], [s1].[api_secret], [s1].[celular], [s1].[codSector], [s1].[correo], [s1].[direccion], [s1].[duiCliente], [s1].[duiRepresentanteLegal], [s1].[estadoCliente], [s1].[fechaRegistro], [s1].[idActividadEconomica], [s1].[idDepartamento], [s1].[idMunicipio], [s1].[imagen], [s1].[isDeclarante], [s1].[isDte], [s1].[nitCliente], [s1].[nomSector], [s1].[nombreComercial], [s1].[nombreRazonSocial], [s1].[nombres], [s1].[nrc], [s1].[pass_hacienda], [s1].[personaJuridica], [s1].[representanteLegal], [s1].[telefonoCliente], [s1].[tipoContribuyente], [s1].[token], [s1].[userDTE], [s1].[user_hacienda]
FROM (
    SELECT TOP(1) [s].[idSuscripcion], [s].[estadoSuscripcion], [s].[fechaCreacion], [s].[fechaInicio], [s].[fechaModificacion], [s].[idCliente], [s].[paypalSubscriptionId], [c].[idCliente] AS [idCliente0], [c].[ambiente], [c].[apellidos], [c].[api_key], [c].[api_secret], [c].[celular], [c].[codSector], [c].[correo], [c].[direccion], [c].[duiCliente], [c].[duiRepresentanteLegal], [c].[estadoCliente], [c].[fechaRegistro], [c].[idActividadEconomica], [c].[idDepartamento], [c].[idMunicipio], [c].[imagen], [c].[isDeclarante], [c].[isDte], [c].[nitCliente], [c].[nomSector], [c].[nombreComercial], [c].[nombreRazonSocial], [c].[nombres], [c].[nrc], [c].[pass_hacienda], [c].[personaJuridica], [c].[representanteLegal], [c].[telefonoCliente], [c].[tipoContribuyente], [c].[token], [c].[userDTE], [c].[user_hacienda]
    FROM [suscripciones] AS [s]
    INNER JOIN [cliente] AS [c] ON [s].[idCliente] = [c].[idCliente]
    WHERE [s].[idSuscripcion] = @__request_IdSuscripcion_0
) AS [s1]
LEFT JOIN [suscripcionDetalle] AS [s0] ON [s1].[idSuscripcion] = [s0].[idSuscripcion]
ORDER BY [s1].[idSuscripcion], [s1].[idCliente0]
2026-02-20 07:57:04.985 -06:00 [INF] Executing ObjectResult, writing value of type 'System.String'.
2026-02-20 07:57:05.001 -06:00 [INF] Executed action ApiContabsv.Controllers.DBContabsv_Wompi.CrearTransaccion (ApiContabsv) in 3164.5018ms
2026-02-20 07:57:05.004 -06:00 [INF] Executed endpoint 'ApiContabsv.Controllers.DBContabsv_Wompi.CrearTransaccion (ApiContabsv)'
2026-02-20 07:57:05.007 -06:00 [ERR] HTTP POST /DBContabsv_Wompi/CrearTransaccion responded 500 in 3233.6588 ms
2026-02-20 07:57:05.018 -06:00 [INF] Request finished HTTP/2 POST https://localhost:7189/DBContabsv_Wompi/CrearTransaccion - 500 null text/plain; charset=utf-8 3249.6624ms
2026-02-20 07:58:44.483 -06:00 [INF] 🚀 Iniciando aplicación ApiContabsv
2026-02-20 07:58:45.100 -06:00 [INF] ✅ Aplicación configurada correctamente
2026-02-20 07:58:45.298 -06:00 [INF] Now listening on: https://localhost:7189
2026-02-20 07:58:45.301 -06:00 [INF] Now listening on: http://localhost:5241
2026-02-20 07:58:45.360 -06:00 [INF] Application started. Press Ctrl+C to shut down.
2026-02-20 07:58:45.362 -06:00 [INF] Hosting environment: Development
2026-02-20 07:58:45.364 -06:00 [INF] Content root path: C:\Users\programador04\Documents\GitHub\ApiContabsv
2026-02-20 07:58:46.345 -06:00 [INF] Request starting HTTP/2 GET https://localhost:7189/swagger - null null
2026-02-20 07:58:46.468 -06:00 [INF] HTTP GET /swagger responded 401 in 35.0601 ms
2026-02-20 07:58:46.474 -06:00 [INF] Request finished HTTP/2 GET https://localhost:7189/swagger - 401 null null 139.1682ms
2026-02-20 07:58:50.307 -06:00 [INF] Request starting HTTP/2 GET https://localhost:7189/ - null null
2026-02-20 07:58:50.317 -06:00 [INF] HTTP GET / responded 301 in 0.5956 ms
2026-02-20 07:58:50.320 -06:00 [INF] Request finished HTTP/2 GET https://localhost:7189/ - 301 null null 13.4567ms
2026-02-20 07:58:50.324 -06:00 [INF] Request starting HTTP/2 GET https://localhost:7189/index.html - null null
2026-02-20 07:58:50.369 -06:00 [INF] HTTP GET /index.html responded 200 in 37.4028 ms
2026-02-20 07:58:50.374 -06:00 [INF] Request finished HTTP/2 GET https://localhost:7189/index.html - 200 null text/html;charset=utf-8 50.398ms
2026-02-20 07:58:50.402 -06:00 [INF] Request starting HTTP/2 GET https://localhost:7189/index.js - null null
2026-02-20 07:58:50.403 -06:00 [INF] Request starting HTTP/2 GET https://localhost:7189/_vs/browserLink - null null
2026-02-20 07:58:50.404 -06:00 [INF] Request starting HTTP/2 GET https://localhost:7189/_framework/aspnetcore-browser-refresh.js - null null
2026-02-20 07:58:50.408 -06:00 [INF] HTTP GET /index.js responded 200 in 0.6045 ms
2026-02-20 07:58:50.419 -06:00 [INF] Request finished HTTP/2 GET https://localhost:7189/index.js - 200 null application/javascript;charset=utf-8 17.2331ms
2026-02-20 07:58:50.431 -06:00 [INF] Request finished HTTP/2 GET https://localhost:7189/_framework/aspnetcore-browser-refresh.js - 200 16507 application/javascript; charset=utf-8 26.7135ms
2026-02-20 07:58:50.457 -06:00 [INF] Request finished HTTP/2 GET https://localhost:7189/_vs/browserLink - 200 null text/javascript; charset=UTF-8 53.3354ms
2026-02-20 07:58:50.531 -06:00 [INF] Request starting HTTP/2 GET https://localhost:7189/swagger/contabilidad/swagger.json - null null
2026-02-20 07:58:50.593 -06:00 [INF] HTTP GET /swagger/contabilidad/swagger.json responded 200 in 58.4764 ms
2026-02-20 07:58:50.596 -06:00 [INF] Request finished HTTP/2 GET https://localhost:7189/swagger/contabilidad/swagger.json - 200 null application/json;charset=utf-8 65.4556ms
2026-02-20 07:59:01.096 -06:00 [INF] Request starting HTTP/2 GET https://localhost:7189/swagger/contabsv/swagger.json - null null
2026-02-20 07:59:01.135 -06:00 [INF] HTTP GET /swagger/contabsv/swagger.json responded 200 in 33.7456 ms
2026-02-20 07:59:01.137 -06:00 [INF] Request finished HTTP/2 GET https://localhost:7189/swagger/contabsv/swagger.json - 200 null application/json;charset=utf-8 41.3202ms
2026-02-20 07:59:28.784 -06:00 [INF] Request starting HTTP/2 POST https://localhost:7189/DBContabsv_Wompi/CrearTransaccion - application/json 89
2026-02-20 07:59:28.791 -06:00 [INF] CORS policy execution successful.
2026-02-20 07:59:28.795 -06:00 [INF] Executing endpoint 'ApiContabsv.Controllers.DBContabsv_Wompi.CrearTransaccion (ApiContabsv)'
2026-02-20 07:59:28.816 -06:00 [INF] Route matched with {action = "CrearTransaccion", controller = "DBContabsv_Wompi"}. Executing controller action with signature System.Threading.Tasks.Task`1[Microsoft.AspNetCore.Mvc.ActionResult] CrearTransaccion(ApiContabsv.Controllers.CrearTransaccionRequest) on controller ApiContabsv.Controllers.DBContabsv_Wompi (ApiContabsv).
2026-02-20 07:59:30.956 -06:00 [INF] Executed DbCommand (201ms) [Parameters=[@__request_IdSuscripcion_0='?' (DbType = Int32)], CommandType='"Text"', CommandTimeout='30']
SELECT [s1].[idSuscripcion], [s1].[estadoSuscripcion], [s1].[fechaCreacion], [s1].[fechaInicio], [s1].[fechaModificacion], [s1].[idCliente], [s1].[paypalSubscriptionId], [s1].[idCliente0], [s0].[idDetalle], [s0].[activo], [s0].[concepto], [s0].[fechaCreacion], [s0].[fechaInicio], [s0].[fechaVencimiento], [s0].[idSuscripcion], [s0].[precioUnitario], [s0].[tipoCobro], [s1].[ambiente], [s1].[apellidos], [s1].[api_key], [s1].[api_secret], [s1].[celular], [s1].[codSector], [s1].[correo], [s1].[direccion], [s1].[duiCliente], [s1].[duiRepresentanteLegal], [s1].[estadoCliente], [s1].[fechaRegistro], [s1].[idActividadEconomica], [s1].[idDepartamento], [s1].[idMunicipio], [s1].[imagen], [s1].[isDeclarante], [s1].[isDte], [s1].[nitCliente], [s1].[nomSector], [s1].[nombreComercial], [s1].[nombreRazonSocial], [s1].[nombres], [s1].[nrc], [s1].[pass_hacienda], [s1].[personaJuridica], [s1].[representanteLegal], [s1].[telefonoCliente], [s1].[tipoContribuyente], [s1].[token], [s1].[userDTE], [s1].[user_hacienda]
FROM (
    SELECT TOP(1) [s].[idSuscripcion], [s].[estadoSuscripcion], [s].[fechaCreacion], [s].[fechaInicio], [s].[fechaModificacion], [s].[idCliente], [s].[paypalSubscriptionId], [c].[idCliente] AS [idCliente0], [c].[ambiente], [c].[apellidos], [c].[api_key], [c].[api_secret], [c].[celular], [c].[codSector], [c].[correo], [c].[direccion], [c].[duiCliente], [c].[duiRepresentanteLegal], [c].[estadoCliente], [c].[fechaRegistro], [c].[idActividadEconomica], [c].[idDepartamento], [c].[idMunicipio], [c].[imagen], [c].[isDeclarante], [c].[isDte], [c].[nitCliente], [c].[nomSector], [c].[nombreComercial], [c].[nombreRazonSocial], [c].[nombres], [c].[nrc], [c].[pass_hacienda], [c].[personaJuridica], [c].[representanteLegal], [c].[telefonoCliente], [c].[tipoContribuyente], [c].[token], [c].[userDTE], [c].[user_hacienda]
    FROM [suscripciones] AS [s]
    INNER JOIN [cliente] AS [c] ON [s].[idCliente] = [c].[idCliente]
    WHERE [s].[idSuscripcion] = @__request_IdSuscripcion_0
) AS [s1]
LEFT JOIN [suscripcionDetalle] AS [s0] ON [s1].[idSuscripcion] = [s0].[idSuscripcion]
ORDER BY [s1].[idSuscripcion], [s1].[idCliente0]
2026-02-20 07:59:32.060 -06:00 [INF] Executing ObjectResult, writing value of type 'System.String'.
2026-02-20 07:59:32.069 -06:00 [INF] Executed action ApiContabsv.Controllers.DBContabsv_Wompi.CrearTransaccion (ApiContabsv) in 3246.028ms
2026-02-20 07:59:32.072 -06:00 [INF] Executed endpoint 'ApiContabsv.Controllers.DBContabsv_Wompi.CrearTransaccion (ApiContabsv)'
2026-02-20 07:59:32.076 -06:00 [ERR] HTTP POST /DBContabsv_Wompi/CrearTransaccion responded 500 in 3288.6111 ms
2026-02-20 07:59:32.087 -06:00 [INF] Request finished HTTP/2 POST https://localhost:7189/DBContabsv_Wompi/CrearTransaccion - 500 null text/plain; charset=utf-8 3303.1685ms
2026-02-20 08:00:34.954 -06:00 [INF] 🚀 Iniciando aplicación ApiContabsv
2026-02-20 08:00:35.557 -06:00 [INF] ✅ Aplicación configurada correctamente
2026-02-20 08:00:35.756 -06:00 [INF] Now listening on: https://localhost:7189
2026-02-20 08:00:35.760 -06:00 [INF] Now listening on: http://localhost:5241
2026-02-20 08:00:35.838 -06:00 [INF] Application started. Press Ctrl+C to shut down.
2026-02-20 08:00:35.840 -06:00 [INF] Hosting environment: Development
2026-02-20 08:00:35.841 -06:00 [INF] Content root path: C:\Users\programador04\Documents\GitHub\ApiContabsv
2026-02-20 08:00:36.748 -06:00 [INF] Request starting HTTP/2 GET https://localhost:7189/swagger - null null
2026-02-20 08:00:36.871 -06:00 [INF] HTTP GET /swagger responded 401 in 37.7118 ms
2026-02-20 08:00:36.877 -06:00 [INF] Request finished HTTP/2 GET https://localhost:7189/swagger - 401 null null 136.9239ms
2026-02-20 08:00:41.658 -06:00 [INF] Request starting HTTP/2 GET https://localhost:7189/ - null null
2026-02-20 08:00:41.668 -06:00 [INF] HTTP GET / responded 301 in 0.5522 ms
2026-02-20 08:00:41.671 -06:00 [INF] Request finished HTTP/2 GET https://localhost:7189/ - 301 null null 12.9013ms
2026-02-20 08:00:41.679 -06:00 [INF] Request starting HTTP/2 GET https://localhost:7189/index.html - null null
2026-02-20 08:00:41.735 -06:00 [INF] HTTP GET /index.html responded 200 in 46.6984 ms
2026-02-20 08:00:41.739 -06:00 [INF] Request finished HTTP/2 GET https://localhost:7189/index.html - 200 null text/html;charset=utf-8 61.4044ms
2026-02-20 08:00:41.771 -06:00 [INF] Request starting HTTP/2 GET https://localhost:7189/_framework/aspnetcore-browser-refresh.js - null null
2026-02-20 08:00:41.773 -06:00 [INF] Request starting HTTP/2 GET https://localhost:7189/_vs/browserLink - null null
2026-02-20 08:00:41.773 -06:00 [INF] Request starting HTTP/2 GET https://localhost:7189/index.js - null null
2026-02-20 08:00:41.783 -06:00 [INF] HTTP GET /index.js responded 200 in 0.6447 ms
2026-02-20 08:00:41.794 -06:00 [INF] Request finished HTTP/2 GET https://localhost:7189/index.js - 200 null application/javascript;charset=utf-8 20.5918ms
2026-02-20 08:00:41.794 -06:00 [INF] Request finished HTTP/2 GET https://localhost:7189/_framework/aspnetcore-browser-refresh.js - 200 16507 application/javascript; charset=utf-8 23.1254ms
2026-02-20 08:00:41.820 -06:00 [INF] Request finished HTTP/2 GET https://localhost:7189/_vs/browserLink - 200 null text/javascript; charset=UTF-8 46.8864ms
2026-02-20 08:00:41.901 -06:00 [INF] Request starting HTTP/2 GET https://localhost:7189/swagger/contabilidad/swagger.json - null null
2026-02-20 08:00:41.961 -06:00 [INF] HTTP GET /swagger/contabilidad/swagger.json responded 200 in 54.7293 ms
2026-02-20 08:00:41.965 -06:00 [INF] Request finished HTTP/2 GET https://localhost:7189/swagger/contabilidad/swagger.json - 200 null application/json;charset=utf-8 64.3288ms
2026-02-20 08:00:50.788 -06:00 [INF] Request starting HTTP/2 GET https://localhost:7189/swagger/contabsv/swagger.json - null null
2026-02-20 08:00:50.858 -06:00 [INF] HTTP GET /swagger/contabsv/swagger.json responded 200 in 64.3936 ms
2026-02-20 08:00:50.861 -06:00 [INF] Request finished HTTP/2 GET https://localhost:7189/swagger/contabsv/swagger.json - 200 null application/json;charset=utf-8 73.9099ms
2026-02-20 08:01:07.030 -06:00 [INF] Request starting HTTP/2 POST https://localhost:7189/DBContabsv_Wompi/CrearTransaccion - application/json 89
2026-02-20 08:01:07.037 -06:00 [INF] CORS policy execution successful.
2026-02-20 08:01:07.042 -06:00 [INF] Executing endpoint 'ApiContabsv.Controllers.DBContabsv_Wompi.CrearTransaccion (ApiContabsv)'
2026-02-20 08:01:07.064 -06:00 [INF] Route matched with {action = "CrearTransaccion", controller = "DBContabsv_Wompi"}. Executing controller action with signature System.Threading.Tasks.Task`1[Microsoft.AspNetCore.Mvc.ActionResult] CrearTransaccion(ApiContabsv.Controllers.CrearTransaccionRequest) on controller ApiContabsv.Controllers.DBContabsv_Wompi (ApiContabsv).
2026-02-20 08:01:09.150 -06:00 [INF] Executed DbCommand (190ms) [Parameters=[@__request_IdSuscripcion_0='?' (DbType = Int32)], CommandType='"Text"', CommandTimeout='30']
SELECT [s1].[idSuscripcion], [s1].[estadoSuscripcion], [s1].[fechaCreacion], [s1].[fechaInicio], [s1].[fechaModificacion], [s1].[idCliente], [s1].[paypalSubscriptionId], [s1].[idCliente0], [s0].[idDetalle], [s0].[activo], [s0].[concepto], [s0].[fechaCreacion], [s0].[fechaInicio], [s0].[fechaVencimiento], [s0].[idSuscripcion], [s0].[precioUnitario], [s0].[tipoCobro], [s1].[ambiente], [s1].[apellidos], [s1].[api_key], [s1].[api_secret], [s1].[celular], [s1].[codSector], [s1].[correo], [s1].[direccion], [s1].[duiCliente], [s1].[duiRepresentanteLegal], [s1].[estadoCliente], [s1].[fechaRegistro], [s1].[idActividadEconomica], [s1].[idDepartamento], [s1].[idMunicipio], [s1].[imagen], [s1].[isDeclarante], [s1].[isDte], [s1].[nitCliente], [s1].[nomSector], [s1].[nombreComercial], [s1].[nombreRazonSocial], [s1].[nombres], [s1].[nrc], [s1].[pass_hacienda], [s1].[personaJuridica], [s1].[representanteLegal], [s1].[telefonoCliente], [s1].[tipoContribuyente], [s1].[token], [s1].[userDTE], [s1].[user_hacienda]
FROM (
    SELECT TOP(1) [s].[idSuscripcion], [s].[estadoSuscripcion], [s].[fechaCreacion], [s].[fechaInicio], [s].[fechaModificacion], [s].[idCliente], [s].[paypalSubscriptionId], [c].[idCliente] AS [idCliente0], [c].[ambiente], [c].[apellidos], [c].[api_key], [c].[api_secret], [c].[celular], [c].[codSector], [c].[correo], [c].[direccion], [c].[duiCliente], [c].[duiRepresentanteLegal], [c].[estadoCliente], [c].[fechaRegistro], [c].[idActividadEconomica], [c].[idDepartamento], [c].[idMunicipio], [c].[imagen], [c].[isDeclarante], [c].[isDte], [c].[nitCliente], [c].[nomSector], [c].[nombreComercial], [c].[nombreRazonSocial], [c].[nombres], [c].[nrc], [c].[pass_hacienda], [c].[personaJuridica], [c].[representanteLegal], [c].[telefonoCliente], [c].[tipoContribuyente], [c].[token], [c].[userDTE], [c].[user_hacienda]
    FROM [suscripciones] AS [s]
    INNER JOIN [cliente] AS [c] ON [s].[idCliente] = [c].[idCliente]
    WHERE [s].[idSuscripcion] = @__request_IdSuscripcion_0
) AS [s1]
LEFT JOIN [suscripcionDetalle] AS [s0] ON [s1].[idSuscripcion] = [s0].[idSuscripcion]
ORDER BY [s1].[idSuscripcion], [s1].[idCliente0]
2026-02-20 08:01:14.024 -06:00 [INF] Executing OkObjectResult, writing value of type '<>f__AnonymousType32`4[[System.Boolean, System.Private.CoreLib, Version=8.0.0.0, Culture=neutral, PublicKeyToken=7cec85d7bea7798e],[System.String, System.Private.CoreLib, Version=8.0.0.0, Culture=neutral, PublicKeyToken=7cec85d7bea7798e],[System.String, System.Private.CoreLib, Version=8.0.0.0, Culture=neutral, PublicKeyToken=7cec85d7bea7798e],[System.Int32, System.Private.CoreLib, Version=8.0.0.0, Culture=neutral, PublicKeyToken=7cec85d7bea7798e]]'.
2026-02-20 08:01:14.035 -06:00 [INF] Executed action ApiContabsv.Controllers.DBContabsv_Wompi.CrearTransaccion (ApiContabsv) in 6962.6918ms
2026-02-20 08:01:14.038 -06:00 [INF] Executed endpoint 'ApiContabsv.Controllers.DBContabsv_Wompi.CrearTransaccion (ApiContabsv)'
2026-02-20 08:01:14.039 -06:00 [INF] HTTP POST /DBContabsv_Wompi/CrearTransaccion responded 200 in 7005.3614 ms
2026-02-20 08:01:14.049 -06:00 [INF] Request finished HTTP/2 POST https://localhost:7189/DBContabsv_Wompi/CrearTransaccion - 200 null application/json; charset=utf-8 7018.9667ms
